{"level":"info","message":"Tentativa de login iniciada","timestamp":"2026-05-31T23:29:12.042Z"}
{"level":"info","message":"Login realizado com sucesso","timestamp":"2026-05-31T23:29:12.391Z"}
{"level":"info","message":"Tentativa de login iniciada","timestamp":"2026-05-31T23:31:17.318Z"}
{"level":"info","message":"Login realizado com sucesso","timestamp":"2026-05-31T23:31:17.513Z"}
{"level":"info","message":"Tentativa de login iniciada","timestamp":"2026-05-31T23:46:17.723Z"}
{"level":"info","message":"Login realizado com sucesso","timestamp":"2026-05-31T23:46:17.814Z"}
{"level":"info","message":"Tentativa de login iniciada","timestamp":"2026-05-31T23:48:10.886Z"}
{"level":"info","message":"Login realizado com sucesso","timestamp":"2026-05-31T23:48:10.994Z"}
{"level":"info","message":"Tentativa de cadastro iniciada","timestamp":"2026-05-31T23:48:11.004Z"}
{"level":"warn","message":"Tentativa de cadastro com email já existente bruno@gmail.com","timestamp":"2026-05-31T23:48:11.010Z"}
{"level":"error","message":"Erro ao cadastrar usuário","timestamp":"2026-05-31T23:48:11.011Z"}
{"level":"info","message":"Tentativa de cadastro iniciada","timestamp":"2026-06-01T00:55:54.023Z"}
{"level":"info","message":"Usuário cadastrado com sucesso","timestamp":"2026-06-01T00:55:54.256Z"}
{"level":"info","message":"Tentativa de login iniciada","timestamp":"2026-06-01T00:55:54.295Z"}
{"level":"info","message":"Login realizado com sucesso","timestamp":"2026-06-01T00:55:54.420Z"}
{"level":"info","message":"Tentativa de cadastro iniciada","timestamp":"2026-06-01T00:55:54.433Z"}
{"level":"warn","message":"Tentativa de cadastro com email já existente bruno@gmail.com","timestamp":"2026-06-01T00:55:54.441Z"}
{"level":"error","message":"Erro ao cadastrar usuário","timestamp":"2026-06-01T00:55:54.445Z"}
{"level":"info","message":"Tentativa de login iniciada","timestamp":"2026-06-01T00:59:17.162Z"}
{"level":"error","message":"Erro ao fazer login","timestamp":"2026-06-01T00:59:17.423Z"}
{"level":"info","message":"Tentativa de login iniciada","timestamp":"2026-06-01T00:59:36.660Z"}
{"level":"warn","message":"Erro no login do usuário brun@gmail.com","timestamp":"2026-06-01T00:59:36.666Z"}
{"level":"error","message":"Erro ao fazer login","timestamp":"2026-06-01T00:59:36.667Z"}
{"level":"info","message":"Tentativa de cadastro iniciada","timestamp":"2026-06-01T01:06:17.381Z"}
{"level":"warn","message":"Tentativa de cadastro com email já existente bruno@gmail.com","timestamp":"2026-06-01T01:06:17.567Z"}
{"level":"error","message":"Erro ao cadastrar usuário","timestamp":"2026-06-01T01:06:17.568Z"}
{"level":"info","message":"Tentativa de cadastro iniciada","timestamp":"2026-06-01T01:06:32.605Z"}
{"level":"info","message":"Usuário cadastrado com sucesso","timestamp":"2026-06-01T01:06:32.711Z"}
{"level":"info","message":"Tentativa de cadastro iniciada","timestamp":"2026-06-01T01:06:46.875Z"}
{"level":"info","message":"Usuário cadastrado com sucesso","timestamp":"2026-06-01T01:06:46.941Z"}
{"level":"info","message":"Tentativa de login iniciada","timestamp":"2026-06-01T01:07:56.566Z"}
{"level":"info","message":"Login realizado com sucesso","timestamp":"2026-06-01T01:07:56.652Z"}
{"level":"info","message":"Tentativa de login iniciada","timestamp":"2026-06-01T01:14:04.028Z"}
{"level":"info","message":"Login realizado com sucesso","timestamp":"2026-06-01T01:14:04.303Z"}
{"level":"info","message":"Tentativa de cadastro iniciada","timestamp":"2026-06-01T12:31:30.087Z"}
{"level":"warn","message":"Tentativa de cadastro com email já existente gustavo@gmail.com","timestamp":"2026-06-01T12:31:30.197Z"}
{"level":"error","message":"Erro ao cadastrar usuário","timestamp":"2026-06-01T12:31:30.198Z"}
{"level":"info","message":"Tentativa de cadastro iniciada","timestamp":"2026-06-01T12:31:43.862Z"}
{"level":"info","message":"Usuário cadastrado com sucesso","timestamp":"2026-06-01T12:31:43.992Z"}
{"level":"info","message":"Tentativa de login iniciada","timestamp":"2026-06-01T12:35:50.058Z"}
{"level":"info","message":"Login realizado com sucesso","timestamp":"2026-06-01T12:35:50.141Z"}
{"level":"info","message":"Tentativa de login iniciada","timestamp":"2026-06-01T12:36:26.163Z"}
{"level":"info","message":"Login realizado com sucesso","timestamp":"2026-06-01T12:36:26.237Z"}
{"level":"info","message":"Tentativa de alteração de dados do usuário iniciada","timestamp":"2026-06-01T12:37:07.986Z"}
{"level":"error","message":"Erro ao alterar usuário","timestamp":"2026-06-01T12:37:08.017Z"}
{"level":"info","message":"Tentativa de login iniciada","timestamp":"2026-06-01T12:38:22.463Z"}
{"level":"info","message":"Login realizado com sucesso","timestamp":"2026-06-01T12:38:22.630Z"}
{"level":"info","message":"Tentativa de alteração de dados do usuário iniciada","timestamp":"2026-06-01T12:38:40.656Z"}
{"level":"error","message":"Erro ao alterar usuário","timestamp":"2026-06-01T12:38:40.660Z"}
{"level":"info","message":"Tentativa de login iniciada","timestamp":"2026-06-01T12:41:27.751Z"}
{"level":"info","message":"Login realizado com sucesso","timestamp":"2026-06-01T12:41:27.934Z"}
{"level":"info","message":"Tentativa de login iniciada","timestamp":"2026-06-01T12:42:31.737Z"}
{"level":"info","message":"Login realizado com sucesso","timestamp":"2026-06-01T12:42:31.826Z"}
{"level":"info","message":"Tentativa de login iniciada","timestamp":"2026-06-01T12:56:35.463Z"}
{"level":"info","message":"Login realizado com sucesso","timestamp":"2026-06-01T12:56:35.744Z"}
{"level":"info","message":"Tentativa de alteração de dados do usuário iniciada","timestamp":"2026-06-01T12:57:09.587Z"}
{"level":"error","message":"Erro ao alterar usuário","timestamp":"2026-06-01T12:57:09.595Z"}
{"level":"info","message":"Tentativa de login iniciada","timestamp":"2026-06-01T12:59:27.566Z"}
{"level":"info","message":"Login realizado com sucesso","timestamp":"2026-06-01T12:59:27.823Z"}
{"level":"info","message":"Tentativa de alteração de dados do usuário iniciada","timestamp":"2026-06-01T12:59:47.644Z"}
{"level":"error","message":"Erro ao alterar usuário","timestamp":"2026-06-01T12:59:47.650Z"}
{"level":"info","message":"Tentativa de login iniciada","timestamp":"2026-06-01T13:02:44.759Z"}
{"level":"info","message":"Login realizado com sucesso","timestamp":"2026-06-01T13:02:44.881Z"}
{"level":"info","message":"Tentativa de alteração de usuário iniciada","timestamp":"2026-06-01T13:03:14.996Z"}
{"level":"error","message":"Erro ao atualizar usuário","timestamp":"2026-06-01T13:03:15.000Z"}
{"level":"info","message":"Tentativa de alteração de usuário iniciada","timestamp":"2026-06-01T13:03:23.705Z"}
{"level":"info","message":"Usuário atualizado com sucesso","timestamp":"2026-06-01T13:03:23.772Z"}
{"level":"info","message":"Tentativa de alteração de usuário iniciada","timestamp":"2026-06-01T13:03:55.371Z"}
{"level":"info","message":"Usuário atualizado com sucesso","timestamp":"2026-06-01T13:03:55.379Z"}
{"level":"info","message":"Tentativa de alteração de usuário iniciada","timestamp":"2026-06-01T13:04:00.201Z"}
{"level":"info","message":"Usuário atualizado com sucesso","timestamp":"2026-06-01T13:04:00.207Z"}
{"level":"info","message":"Tentativa de login iniciada","timestamp":"2026-06-01T13:04:41.639Z"}
{"level":"info","message":"Login realizado com sucesso","timestamp":"2026-06-01T13:04:41.701Z"}
{"level":"info","message":"Tentativa de alteração de usuário iniciada","timestamp":"2026-06-01T13:05:07.954Z"}
{"level":"error","message":"Erro ao atualizar usuário","timestamp":"2026-06-01T13:05:07.956Z"}
{"level":"info","message":"Tentativa de login iniciada","timestamp":"2026-06-01T13:14:17.736Z"}
{"level":"info","message":"Login realizado com sucesso","timestamp":"2026-06-01T13:14:18.076Z"}
{"level":"info","message":"Tentativa de login iniciada","timestamp":"2026-06-01T13:14:43.671Z"}
{"level":"error","message":"Erro ao fazer login","timestamp":"2026-06-01T13:14:43.674Z"}
{"level":"info","message":"Tentativa de cadastro iniciada","timestamp":"2026-06-01T13:16:21.472Z"}
{"level":"info","message":"Usuário cadastrado com sucesso","timestamp":"2026-06-01T13:16:21.596Z"}
{"level":"info","message":"Tentativa de cadastro iniciada","timestamp":"2026-06-01T13:23:14.367Z"}
{"level":"info","message":"Usuário cadastrado com sucesso","timestamp":"2026-06-01T13:23:14.535Z"}
{"level":"info","message":"Tentativa de cadastro iniciada","timestamp":"2026-06-01T13:23:14.546Z"}
{"level":"info","message":"Usuário cadastrado com sucesso","timestamp":"2026-06-01T13:23:14.642Z"}
{"level":"info","message":"Tentativa de login iniciada","timestamp":"2026-06-01T13:23:14.653Z"}
{"level":"info","message":"Login realizado com sucesso","timestamp":"2026-06-01T13:23:14.748Z"}
{"level":"info","message":"Tentativa de cadastro iniciada","timestamp":"2026-06-01T13:23:14.756Z"}
{"level":"warn","message":"Tentativa de cadastro com email já existente bruno@gmail.com","timestamp":"2026-06-01T13:23:14.760Z"}
{"level":"error","message":"Erro ao cadastrar usuário","timestamp":"2026-06-01T13:23:14.761Z"}
{"level":"info","message":"Tentativa de cadastro iniciada","timestamp":"2026-06-04T18:32:48.204Z"}
{"level":"warn","message":"Tentativa de cadastro com email já existente bruno@gmail.com","timestamp":"2026-06-04T18:32:48.436Z"}
{"level":"error","message":"Erro ao cadastrar usuário","timestamp":"2026-06-04T18:32:48.437Z"}
{"level":"info","message":"Tentativa de login iniciada","timestamp":"2026-06-04T18:34:25.107Z"}
{"level":"info","message":"Login realizado com sucesso","timestamp":"2026-06-04T18:34:25.390Z"}
{"level":"info","message":"Tentativa de login iniciada","timestamp":"2026-06-04T18:34:25.433Z"}
{"level":"info","message":"Login realizado com sucesso","timestamp":"2026-06-04T18:34:25.531Z"}
{"level":"info","message":"Tentativa de cadastro iniciada","timestamp":"2026-06-04T18:37:06.100Z"}
{"level":"info","message":"Usuário cadastrado com sucesso","timestamp":"2026-06-04T18:37:06.586Z"}
{"level":"info","message":"Tentativa de cadastro iniciada","timestamp":"2026-06-05T00:39:14.826Z"}
{"level":"info","message":"Usuário cadastrado com sucesso","timestamp":"2026-06-05T00:39:17.488Z"}
{"level":"info","message":"Tentativa de login iniciada","timestamp":"2026-06-05T00:40:06.938Z"}
{"level":"info","message":"Login realizado com sucesso","timestamp":"2026-06-05T00:40:08.702Z"}
{"level":"info","message":"Tentativa de login iniciada","timestamp":"2026-06-05T00:40:08.729Z"}
{"level":"error","message":"Erro ao fazer login","timestamp":"2026-06-05T00:40:08.806Z"}
{"level":"info","message":"Tentativa de login iniciada","timestamp":"2026-06-05T00:42:46.751Z"}
{"level":"info","message":"Login realizado com sucesso","timestamp":"2026-06-05T00:42:47.062Z"}
{"level":"info","message":"Tentativa de login iniciada","timestamp":"2026-06-05T00:42:47.122Z"}
{"level":"info","message":"Login realizado com sucesso","timestamp":"2026-06-05T00:42:47.233Z"}
{"level":"info","message":"Tentativa de cadastro de produto iniciada","timestamp":"2026-06-05T00:42:47.259Z"}
{"level":"info","message":"Produto cadastrado com sucesso","timestamp":"2026-06-05T00:42:47.327Z"}
{"level":"info","message":"Tentativa de login iniciada","timestamp":"2026-06-05T00:44:42.077Z"}
{"level":"info","message":"Login realizado com sucesso","timestamp":"2026-06-05T00:44:42.311Z"}
{"level":"info","message":"Tentativa de cadastro de produto iniciada","timestamp":"2026-06-05T00:44:42.334Z"}
{"level":"info","message":"Produto cadastrado com sucesso","timestamp":"2026-06-05T00:44:42.373Z"}
{"level":"info","message":"Tentativa de login iniciada","timestamp":"2026-06-05T00:50:11.747Z"}
{"level":"info","message":"Login realizado com sucesso","timestamp":"2026-06-05T00:50:12.068Z"}
{"level":"info","message":"Tentaiva de alteração de produto iniciada","timestamp":"2026-06-05T00:50:12.084Z"}
{"level":"error","message":"Erro ao atualizar produto","timestamp":"2026-06-05T00:50:12.085Z"}
{"level":"info","message":"Tentativa de login iniciada","timestamp":"2026-06-05T00:51:22.697Z"}
{"level":"info","message":"Login realizado com sucesso","timestamp":"2026-06-05T00:51:23.332Z"}
{"level":"info","message":"Tentaiva de alteração de produto iniciada","timestamp":"2026-06-05T00:51:23.655Z"}
{"level":"error","message":"Erro ao atualizar produto","timestamp":"2026-06-05T00:51:23.658Z"}
{"level":"info","message":"Tentativa de login iniciada","timestamp":"2026-06-05T00:53:25.298Z"}
{"level":"info","message":"Login realizado com sucesso","timestamp":"2026-06-05T00:53:25.601Z"}
{"level":"info","message":"Tentaiva de alteração de produto iniciada","timestamp":"2026-06-05T00:53:25.630Z"}
{"level":"error","message":"Erro ao atualizar produto","timestamp":"2026-06-05T00:53:25.632Z"}
{"level":"info","message":"Tentativa de login iniciada","timestamp":"2026-06-05T00:57:15.101Z"}
{"level":"info","message":"Login realizado com sucesso","timestamp":"2026-06-05T00:57:15.358Z"}
{"level":"info","message":"Tentaiva de alteração de produto iniciada","timestamp":"2026-06-05T00:57:15.380Z"}
{"level":"info","message":"Produto atualizado com sucesso","timestamp":"2026-06-05T00:57:15.486Z"}
{"level":"info","message":"Tentativa de login iniciada","timestamp":"2026-06-05T01:03:32.373Z"}
{"level":"info","message":"Login realizado com sucesso","timestamp":"2026-06-05T01:03:32.685Z"}
