{"level":"error","message":"Erro ao cadastrar usuário","timestamp":"2026-05-31T23:48:11.011Z"}
{"level":"error","message":"Erro ao cadastrar usuário","timestamp":"2026-06-01T00:55:54.445Z"}
{"level":"error","message":"Erro ao fazer login","timestamp":"2026-06-01T00:59:17.423Z"}
{"level":"error","message":"Erro ao fazer login","timestamp":"2026-06-01T00:59:36.667Z"}
{"level":"error","message":"Erro ao cadastrar usuário","timestamp":"2026-06-01T01:06:17.568Z"}
{"level":"error","message":"Erro ao cadastrar usuário","timestamp":"2026-06-01T12:31:30.198Z"}
{"level":"error","message":"Erro ao alterar usuário","timestamp":"2026-06-01T12:37:08.017Z"}
{"level":"error","message":"Erro ao alterar usuário","timestamp":"2026-06-01T12:38:40.660Z"}
{"level":"error","message":"Erro ao alterar usuário","timestamp":"2026-06-01T12:57:09.595Z"}
{"level":"error","message":"Erro ao alterar usuário","timestamp":"2026-06-01T12:59:47.650Z"}
{"level":"error","message":"Erro ao atualizar usuário","timestamp":"2026-06-01T13:03:15.000Z"}
{"level":"error","message":"Erro ao atualizar usuário","timestamp":"2026-06-01T13:05:07.956Z"}
{"level":"error","message":"Erro ao fazer login","timestamp":"2026-06-01T13:14:43.674Z"}
{"level":"error","message":"Erro ao cadastrar usuário","timestamp":"2026-06-01T13:23:14.761Z"}
{"level":"error","message":"Erro ao cadastrar usuário","timestamp":"2026-06-04T18:32:48.437Z"}
{"level":"error","message":"Erro ao fazer login","timestamp":"2026-06-05T00:40:08.806Z"}
{"level":"error","message":"Erro ao atualizar produto","timestamp":"2026-06-05T00:50:12.085Z"}
{"level":"error","message":"Erro ao atualizar produto","timestamp":"2026-06-05T00:51:23.658Z"}
{"level":"error","message":"Erro ao atualizar produto","timestamp":"2026-06-05T00:53:25.632Z"}
{"level":"error","message":"Erro ao fazer login","timestamp":"2026-06-10T13:11:54.157Z"}
{"level":"error","message":"Erro ao cadastrar produto","timestamp":"2026-06-11T17:11:08.473Z"}
{"level":"error","message":"Erro ao cadastrar produto","timestamp":"2026-06-11T17:11:29.141Z"}
{"level":"error","message":"Erro ao cadastrar produto","timestamp":"2026-06-11T17:11:54.121Z"}
{"level":"error","message":"Erro ao fazer login","timestamp":"2026-06-11T17:12:00.693Z"}
{"level":"error","message":"Erro ao cadastrar produto","timestamp":"2026-06-11T17:12:31.843Z"}
{"level":"error","message":"Erro ao cadastrar produto","timestamp":"2026-06-11T17:12:52.545Z"}
{"level":"error","message":"Erro ao fazer login","timestamp":"2026-06-11T17:33:44.105Z"}
{"level":"error","message":"Erro ao cadastrar usuário","timestamp":"2026-06-12T14:38:08.573Z"}
{"level":"error","message":"Erro ao cadastrar usuário","timestamp":"2026-06-13T12:04:52.382Z"}
